step Cu 
1 0.0009354183170731414 0.0003411192433899285 0.000312550661996827 0.00028174841168638503 
2 0.003682652196368944 0.001338019952764396 0.001224943886977267 0.0011196883566272798 
3 0.008113222369053368 0.002937794703174573 0.002728858374567247 0.00244656929131155 
4 0.014292017294343113 0.005054576254897738 0.00489449647301751 0.004342944566427852 
5 0.022010694624447658 0.007638228789119967 0.007599821478951426 0.006772644356376269 
6 0.0309960593155473 0.010551970825080022 0.010694915558526532 0.009749172931940723 
7 0.041175102343961933 0.013736322856580266 0.01419316917683221 0.013245610310549449 
8 0.05220568399415885 0.01720589522656177 0.017997224469435316 0.017002564298161747 
9 0.06382425955117653 0.02088697017940434 0.022010530473063977 0.020926758898708254 
10 0.07590333990070841 0.024735527203091953 0.026111900096272136 0.02505591260134429 
11 0.0884163655935516 0.028657798632368336 0.03036412183873973 0.029394445122443526 
12 0.1010730872798647 0.032613511496063896 0.034729732005961314 0.03372984377783951 
13 0.11325430314143 0.03641703770214144 0.03900441208635215 0.03783285335293645 
14 0.12489829441163475 0.04008981833815921 0.043016437232757776 0.04179203884071771 
15 0.13583966169396383 0.04353915994805615 0.046854076581696304 0.045446425164211386 
16 0.14635476475004403 0.0468977233433417 0.05065015046321047 0.048806890943491714 
17 0.15623695334841145 0.05010160008675313 0.05417324859608922 0.05196210466556912 
18 0.16509027584400116 0.05284676042886459 0.057595334314059554 0.054648181101077 
19 0.17302312700431646 0.05522544173008226 0.06069968349389614 0.057098001780338074 
20 0.1797151873314801 0.057312783928712654 0.06321879439352028 0.059183609009247067 
21 0.18559016706558618 0.05909761542002865 0.06533264838774469 0.06115990325781282 
22 0.1906681136417636 0.060582379445640176 0.0670481984580977 0.06303753573802567 
23 0.195313077501459 0.06183482272675141 0.06863653981360589 0.06484171496110173 
24 0.19912212719811095 0.06286252889097314 0.06995447899705175 0.06630511931008609 
25 0.2022777391757767 0.06360027182586646 0.07102437097074228 0.06765309637916814 
26 0.20517782725040118 0.06439147598667776 0.0718906945859684 0.06889565667775499 
27 0.20752259811978432 0.0651402634002221 0.07266477889222281 0.06971755582733952 
28 0.2094250989643028 0.06602650050443785 0.07315897986731326 0.07023961859255184 
29 0.2110833305003694 0.06679503355462552 0.0734524276773818 0.07083586926836227 
30 0.21214975991178353 0.06732699459377636 0.07360721065684686 0.07121555466116025 
31 0.2128884424400343 0.06791830225508705 0.07356846578194075 0.07140167440300653 
32 0.213381716718269 0.06850457313574797 0.07335848298146005 0.07151866060106116 
33 0.21327927262724314 0.06898100268838205 0.07287032650124595 0.07142794343761527 
34 0.21319973982255777 0.0694641473277893 0.07240526121529864 0.07133033127946983 
35 0.21312490413213284 0.0699268064049184 0.07193141890141463 0.0712666788257997 
36 0.21338130264729765 0.07030754479783625 0.07173310681727722 0.07134065103218407 
37 0.21405755395008355 0.07069385520668336 0.07175983459843374 0.07160386414496635 
38 0.21500731752065425 0.07103993130972427 0.07184987495952738 0.07211751125140259 
39 0.21611912109744877 0.07126370138236957 0.07200884488573694 0.07284657482934234 
40 0.217178202002509 0.07140306824103983 0.07229034532430005 0.07348478843716907 
41 0.21822046826783134 0.07151637941680442 0.0725387930941126 0.07416529575691433 
42 0.21931179854221708 0.0715958354765245 0.07290667075890737 0.07480929230678515 
43 0.22082655456139666 0.07191175951895366 0.07345519364849953 0.0754596013939434 
44 0.22247939752379717 0.07233685701360475 0.07413464814676089 0.0760078923634315 
45 0.22454914460374772 0.07297655102944485 0.07494400601064696 0.07662858756365598 
46 0.2266923728057872 0.07363969658066363 0.07571588461297313 0.07733679161215035 
47 0.22858376640741931 0.07417862747550363 0.07648584754543608 0.07791929138647961 
48 0.23034654186010195 0.07446676361051784 0.07737112496187654 0.07850865328770759 
49 0.23159819259126616 0.07445063983626436 0.07813079871393772 0.07901675404106429 
50 0.2324681964022841 0.0742612629801249 0.07886741018062587 0.07933952324153341 
51 0.23341938351166008 0.07420567593400233 0.0795995375903194 0.07961416998733832 
52 0.23366396155806565 0.07387845463797373 0.0801788193589551 0.07960668756113704 
53 0.23362334103540286 0.07334467555041843 0.08094343610583456 0.07933522937914997 
54 0.23351028802697016 0.07272987494063872 0.08186912560645535 0.07891128747987611 
55 0.23340993142695377 0.07207060298557899 0.08287561564636176 0.07846371279501295 
56 0.23306920553863048 0.07136971481488817 0.08368143247757515 0.07801805824616691 
57 0.2327821921095675 0.0706755412206379 0.08447033353959962 0.07763631734933017 
58 0.23263510862162734 0.070056703552514 0.08509882734611839 0.07747957772299488 
59 0.23252887118711982 0.06957158504529948 0.08554195560501246 0.0774153305368078 
60 0.2327142253298417 0.06928592624184107 0.08588742946565492 0.07754086962234576 
61 0.23263740865547444 0.06894917145239612 0.08603751565169573 0.07765072155138256 
62 0.23282214775192933 0.06874836456745688 0.08619072925740918 0.07788305392706327 
63 0.23303611586562561 0.06858611722867201 0.08616110462333698 0.07828889401361677 
64 0.23325340674943032 0.06841619532601842 0.08614896540734347 0.07868824601606833 
65 0.23373802877258387 0.06836346471294007 0.08624420602399036 0.07913035803565348 
66 0.2343768035829367 0.068166012724369 0.08644838163701571 0.07976240922155203 
67 0.23511882053079708 0.06797702433691778 0.08661492048096617 0.08052687571291299 
68 0.23607662416570557 0.06774267126890005 0.08688700860624936 0.08144694429055625 
69 0.23708825217216553 0.06760090486595953 0.08728343592569361 0.08220391138051242 
70 0.23798518030199758 0.06757073376964763 0.08758334900584364 0.08283109752650644 
71 0.2387745788285335 0.06754358448643429 0.08795335935931674 0.08327763498278268 
72 0.23922518122300893 0.06737619164846216 0.08821927454093376 0.08362971503361294 
73 0.23974954936051612 0.06703539359835846 0.08873371794858115 0.08398043781357657 
74 0.2400728538035111 0.06659850349810958 0.08930814961400312 0.08416620069139823 
75 0.24027971215250998 0.06585306583541974 0.08995721446508674 0.08446943185200344 
76 0.24044647140061753 0.06509183905111308 0.09071203040472092 0.08464260194478357 
77 0.24022220269104166 0.06412958648997329 0.09152670821800404 0.08456590798306443 
78 0.24001377185600137 0.06328676162917987 0.09229200399267111 0.08443500623415057 
79 0.2403417505594189 0.0626693773768709 0.0930739715743729 0.08459840160817507 
80 0.24094097293873093 0.062221491268418624 0.09394177694724605 0.0847777047230664 
81 0.24162339098050678 0.06205930970672596 0.09470040020340798 0.08486368107037282 
82 0.24212091804139332 0.06190528550541812 0.09527112914684449 0.0849445033891309 
83 0.24260070079585166 0.061781883842375304 0.09571491272479178 0.08510390422868451 
84 0.24312744775539932 0.06182815482967655 0.09618263143809755 0.0851166614876252 
85 0.24381387168160398 0.06215366226470691 0.09673124738777036 0.08492896202912678 
86 0.24461067225719837 0.06255345636466846 0.09719081376416551 0.0848664021283643 
87 0.2455455054646167 0.06322218002567785 0.0975199894642454 0.08480333597469346 
88 0.24673733509008175 0.06396733562828485 0.09813984001822514 0.08463015944357188 
89 0.2479579591263224 0.06468567875489556 0.09881138822722393 0.08446089214420317 
90 0.24932079689747808 0.0655275434809458 0.09953183756263603 0.08426141585389617 
91 0.25067087013063705 0.0664144237096199 0.10034473729189192 0.08391170912912518 
92 0.2519353160646741 0.06711340992258635 0.10145181931466134 0.08337008682742642 
93 0.2534012329784629 0.06788282745291471 0.10274239579041623 0.08277600973513206 
94 0.25468114452719604 0.0686138660089485 0.10407030912394293 0.08199696939430469 
95 0.25605783023343587 0.06935657722293513 0.10553936101230417 0.08116189199819658 
96 0.2577583229418687 0.0701927478203898 0.10724754441513086 0.08031803070634796 
97 0.25946281433714075 0.07096469260041974 0.10899872134107202 0.07949940039564893 
98 0.26099644302044106 0.07140780947166607 0.11085833581996307 0.07873029772881192 
99 0.2621514779954302 0.07163268702297834 0.11252824685994592 0.07799054411250603 
100 0.2630830320683373 0.07160044443159451 0.11417817560219398 0.07730441203454867 
101 0.2639248506248989 0.07135968430473179 0.11580337258643619 0.07676179373373096 
102 0.264697924113452 0.0709585145147316 0.11727428715684274 0.0764651224418779 
103 0.26495627566476165 0.07037324194494614 0.11843995540973232 0.07614307831008311 
104 0.2652329161805433 0.0697755968412302 0.11950092667932563 0.07595639265998738 
105 0.26537375913953304 0.06900335070439814 0.1203753662076119 0.0759950422275228 
106 0.26553532325014756 0.06830654795350052 0.1211035267902641 0.07612524850638283 
107 0.2656844251368414 0.0676819009121011 0.12173147311064585 0.07627105111409442 
108 0.26544000826250747 0.06703604038696137 0.12194203386722445 0.07646193400832163 
109 0.26501292764664197 0.0662278985247673 0.12200756977125198 0.0767774593506227 
110 0.2644024135838982 0.06534426455619377 0.12200955245363972 0.07704859657406475 
111 0.2637067677482241 0.06455800673331079 0.12201127499952807 0.0771374860153854 
112 0.26388560165044617 0.06409696440439999 0.12242535237254935 0.07736328487349681 
113 0.2641898577377777 0.06386373850961434 0.12274274314511828 0.07758337608304504 
114 0.26445133493308925 0.06380263926900406 0.1228843772648734 0.07776431839921162 
115 0.26446096178494755 0.0639666571619838 0.12270964395272496 0.0777846606702389 
116 0.26432273140047885 0.06418589622941596 0.12246560538673877 0.07767122978432389 
117 0.2640915011518155 0.06443434584612734 0.12220824622530868 0.07744890908037935 
118 0.263954107009941 0.0647887084460534 0.12203981361499999 0.07712558494888741 
119 0.2638243731465645 0.06533819947483314 0.12178089877151284 0.07670527490021864 
120 0.26375630046483334 0.06579111086148402 0.12181605185770196 0.07614913774564713 
121 0.2636813605257362 0.06630061580847407 0.12181190808765113 0.07556883662961121 
122 0.2631122815044918 0.06649558815783754 0.1215930500762792 0.07502364327037514 
123 0.26251351167173936 0.06664247751967711 0.12131298743894878 0.07455804671311372 
124 0.2618799036163193 0.06652958625034242 0.12123866145910744 0.07411165590686936 
125 0.2608273621995294 0.06623119266244745 0.12082168073065615 0.07377448880642605 
126 0.2596627237199768 0.06578493654095259 0.12026333185796717 0.07361445532105727 
127 0.2581843480379378 0.06505413051159262 0.11969004745760338 0.07344017006874164 
128 0.25655524314835837 0.06411854901430299 0.1191874246708122 0.0732492694632433 
129 0.2547670651459879 0.06280641457974867 0.11875971173327175 0.07320093883296759 
130 0.2533484308601308 0.06133944324094195 0.11857987486098583 0.07342911275820295 
131 0.2520714375464383 0.05989651337457701 0.11855674392079106 0.0736181802510701 
132 0.2507745119745365 0.05831696458249456 0.11841562004192287 0.07404192735011916 
133 0.24970576058867383 0.056708137254523595 0.1183532049743273 0.07464441835982295 
134 0.2491327235388127 0.05531825298358124 0.1185007155938114 0.0753137549614201 
135 0.2487896136515918 0.05403009341477602 0.11885197528746129 0.0759075449493546 
136 0.24854099391485535 0.05289861900608163 0.11928678625934243 0.07635558864943136 
137 0.2486489453434626 0.05203077850625044 0.12006976796437487 0.07654839887283749 
138 0.24915040950910364 0.05145424327960562 0.1211174126332469 0.0765787535962509 
139 0.2496987690786266 0.05109276362393548 0.12199770268100692 0.07660830277368409 
140 0.2502018088439625 0.05070041017421255 0.12292546586080404 0.07657593280894598 
141 0.25081027839585657 0.05043519708684784 0.1239649319035534 0.07641014940545543 
142 0.2514584940613554 0.05040654291006058 0.12503647394679313 0.07601547720450162 
143 0.2524219535603504 0.05041720436643427 0.12635885919023426 0.07564589000368208 
144 0.2535584549797854 0.05053586652128225 0.12774487248760907 0.07527771597089411 
145 0.25522011077892204 0.050865782943311344 0.12940523218312172 0.07494909565248883 
146 0.2567326296105337 0.05138545592738812 0.1308898417095386 0.07445733197360717 
147 0.25817093048284484 0.05205566136668077 0.1322667677570121 0.07384850135915177 
148 0.2593286259660377 0.05268458006573552 0.13352598480423103 0.07311806109607123 
149 0.2606482941579499 0.05330539214071679 0.13471498257320597 0.07262791944402736 
150 0.26164587509782755 0.05393862579211246 0.13558348127620046 0.07212376802951473 
151 0.26260004075241034 0.05454537842173747 0.13630294540568655 0.07175171692498611 
152 0.2635911296756707 0.055264327553343234 0.13678340649449658 0.07154339562783102 
153 0.2642904578058131 0.05608980769219383 0.1368887217771003 0.07131192833651893 
154 0.26553598254755345 0.05700596919214995 0.13716238505811865 0.0713676282972849 
155 0.2668044622192844 0.05797231840098687 0.13746101038529845 0.07137113343299893 
156 0.2683225345272688 0.05905191939113482 0.13781348694757287 0.07145712818856127 
157 0.2702165349593206 0.060059737136424006 0.1382342063249922 0.07192259149790434 
158 0.27167032410938724 0.0609526274765762 0.1382328586666734 0.0724848379661376 
159 0.27302049849717475 0.061709649579888844 0.13803017769905168 0.07328067121823414 
160 0.27447464976347913 0.062224840870323574 0.13806821323843407 0.07418159565472116 
161 0.27583685588838963 0.06262431938617334 0.13793428516910447 0.07527825133311193 
162 0.27726274572745474 0.06303559081132976 0.13774485134894296 0.07648230356718229 
163 0.27807104210257483 0.06327207977144396 0.13723480458124765 0.07756415774988322 
164 0.2786380584205135 0.06349142424147104 0.13654024649981383 0.07860638767922858 
165 0.27920530123354576 0.06379336529644485 0.13581266413022602 0.0795992718068748 
166 0.2798080431113846 0.06407730006325661 0.13536419413631445 0.08036654891181351 
167 0.280484897228168 0.06439639875200022 0.13486498272060604 0.08122351575556169 
168 0.28166950709441557 0.06494134099926321 0.1346069718631714 0.08212119423198108 
169 0.28286351644874724 0.0655301513636748 0.13452503944340857 0.08280832564166396 
170 0.28425937411076657 0.06623270954224311 0.1345008678480485 0.08352579672047497 
171 0.2857428202141918 0.06706778091778515 0.13448424495630576 0.08419079434010081 
172 0.2873837115504537 0.06817297698601371 0.13420508771863796 0.08500564684580185 
173 0.2886095461285499 0.06937829344001194 0.13341924212753342 0.08581201056100447 
174 0.2891957719959952 0.07051283562367257 0.13216891611320797 0.08651402025911473 
175 0.2895640605846905 0.071811005200577 0.1308425652521059 0.08691049013200763 
176 0.2896492219947865 0.07318312053477728 0.12943508662954248 0.08703101483046688 
177 0.28942699016582996 0.07451179709021878 0.12794200668283504 0.08697318639277632 
178 0.2895659978122238 0.07596108419435786 0.12646881240204588 0.0871361012158202 
179 0.28957336483470114 0.07752746075676628 0.12485769566959388 0.0871882084083409 
180 0.2901734811875519 0.07938545591315582 0.1234126559012166 0.08737536937317955 
181 0.2918210794295371 0.08149667269355801 0.12257810114587485 0.08774630559010446 
182 0.2937517796097742 0.08356162062092433 0.1219025760785888 0.08828758291026105 
183 0.2962488076660339 0.0859695468590203 0.1212878002958921 0.08899146051112139 
184 0.29867681580883854 0.08834335643486073 0.12086531967976243 0.08946813969421558 
185 0.3011127049390829 0.09075522828070721 0.12033904027658242 0.09001843638179335 
186 0.3037518641334376 0.09318156375773572 0.12012864392748614 0.09044165644821564 
187 0.3064454141457733 0.09588708623155134 0.11976240487363869 0.09079592304058356 
188 0.30923545175646333 0.09858774734768598 0.11943739681712714 0.09121030759165004 
189 0.31202296202707125 0.10129113916116038 0.11919120588863893 0.09154061697727182 
190 0.3144934107790809 0.10372364148295674 0.11880417431931156 0.09196559497681302 
191 0.3169413858624202 0.10611290995145857 0.1184083308111018 0.0924201450998598 
192 0.31913247894051144 0.10816131670024863 0.11793236670595807 0.09303879553430505 
193 0.32118070305961893 0.11025662388680155 0.11738002100708686 0.09354405816573036 
194 0.3231571753785427 0.11230092769230045 0.11672192743314076 0.09413432025310163 
195 0.32522702707625445 0.11441295854135489 0.11608833257447185 0.09472573596042785 
196 0.32734062513154855 0.11653784972696203 0.11532007252553045 0.09548270287905614 
197 0.3290321620028428 0.11846498347393337 0.11450194747108693 0.09606523105782239 
198 0.3303818211741553 0.11997705822618256 0.11371735255206265 0.09668741039591043 
199 0.331895364152898 0.12153402195862974 0.11313618345095201 0.09722515874331615 
200 0.333577758628713 0.12289125592631885 0.11286628523376124 0.09782021746863286 
201 0.3355437994076619 0.12414695221913463 0.11272066470145524 0.0986761824870719 
202 0.3377842188316825 0.12541123440513263 0.1125542706696417 0.09981871375690818 
203 0.33983072939269965 0.12638007373897153 0.11240430944980076 0.1010463462039271 
204 0.34145076359163284 0.12682944060271 0.11224715010955535 0.10237417287936738 
205 0.3428464703181705 0.12767597028881342 0.11171892137712947 0.10345157865222758 
206 0.3443083283300312 0.12844872090658677 0.1112106510979838 0.10464895632546065 
207 0.3455692772662035 0.12910415294401761 0.11053813879266584 0.10592698552951996 
208 0.34639466337811664 0.12943461358895503 0.10963781841220367 0.10732223137695802 
209 0.3469442405064206 0.12975021069784215 0.10848709736740508 0.10870693244117331 
210 0.3477489334631022 0.1301508669087719 0.10738500942024214 0.11021305713408823 
211 0.34866182201795276 0.13065671604706355 0.10618378466939611 0.11182132130149308 
212 0.3494648447589364 0.1310707382216716 0.10489728402656225 0.11349682251070278 
213 0.3505447553965766 0.13173905943571562 0.10361748764704198 0.11518820831381928 
214 0.35170161002598793 0.13232848790045904 0.10246406220260511 0.11690905992292393 
215 0.35315598790377173 0.13308713127589014 0.10159485088960947 0.11847400573827215 
216 0.3548073566518837 0.13396489275635176 0.10101623882142458 0.11982622507410726 
217 0.3564210516018079 0.1347098508220636 0.1006445918253551 0.12106660895438923 
218 0.35850830096411823 0.13562531604496142 0.10031741643857706 0.1225655684805797 
219 0.360194816159153 0.13650554597632633 0.09990732186696953 0.12378194831585726 
220 0.3620237320009415 0.1374074111576136 0.09966439703069557 0.124951923812632 
221 0.3641827869777948 0.13847295216765104 0.0995770490975848 0.1261327857125587 
222 0.36612832350569796 0.13937567591922861 0.09960845335744142 0.1271441942290279 
223 0.3679115637407835 0.14005999455004453 0.09979566707559989 0.12805590211513904 
224 0.36945042945781453 0.1405121362329354 0.09992970782277018 0.12900858540210897 
225 0.3708000768386787 0.14121590517447885 0.09994436120747856 0.1296398104567214 
226 0.3720677177484064 0.1417557851864779 0.0999642340054759 0.13034769855645253 
227 0.37337500041474203 0.14252855551183258 0.0999334454781854 0.1309129994247238 
228 0.3750927405996497 0.1436021064644023 0.09990035125294949 0.1315902828822978 
229 0.37679757803770003 0.14470474258388058 0.09993776815325771 0.13215506730056203 
230 0.3782481392631655 0.14587662168125032 0.09995976351187962 0.13241175407003578 
231 0.3793991649101336 0.14687787683805778 0.10009679022063826 0.13242449785143792 
232 0.3807458043732016 0.14806126734769307 0.10038210202798536 0.1323024349975233 
233 0.38191625814983393 0.14902206525195485 0.1007907386628954 0.13210345423498357 
234 0.3832479750314357 0.15016363767583268 0.10120690877280637 0.1318774285827966 
235 0.3847627748136016 0.15133235579989304 0.10168862627676908 0.1317417927369397 
236 0.3862667791002601 0.1524099456417913 0.10225574627661892 0.13160108718184996 
237 0.3878919916833609 0.153508538322233 0.10277164538701433 0.1316118079741137 
238 0.38975000600957643 0.1547763305521589 0.10336679418038575 0.13160688127703155 
239 0.39189083272342784 0.15631585953280488 0.1041410045760151 0.13143396861460777 
240 0.393699337739811 0.1579829651422845 0.1046190125546586 0.13109736004286782 
241 0.39564113600599443 0.15955051246440186 0.10543731392449571 0.1306533096170965 
242 0.3976674741569279 0.1611918221486913 0.10621157392154199 0.1302640780866947 
243 0.39974077233946564 0.16272366484957249 0.10695186835479227 0.13006523913510099 
244 0.4022671890936341 0.1640027740081661 0.10792221617813869 0.1303421989073293 
245 0.40502089099351535 0.16538764110301066 0.1088756201660817 0.13075762972442273 
246 0.4074130832320517 0.16639722357201073 0.10985624574604885 0.13115961391399206 
247 0.4098686088598164 0.16733309120752804 0.11077059188785154 0.13176492576443688 
248 0.41201689093483124 0.16797548781240226 0.11147604905919768 0.13256535406323144 
249 0.4143346862598373 0.16861059146325413 0.11196660722481207 0.1337574875717715 
250 0.41647285064320017 0.1693131624057891 0.11212876165542544 0.13503092658198573 
251 0.41852503433350335 0.1697891908072498 0.11239386318852793 0.13634198033772582 
252 0.4204314225939693 0.16999344516343667 0.11249848757300344 0.13793948985752938 
253 0.42233808165412035 0.17008896633637285 0.11264421846933954 0.139604896848408 
254 0.4248127896634725 0.1704482320806052 0.11276634217862222 0.14159821540424467 
255 0.4272292514483648 0.17076297945200505 0.11282647062363789 0.14363980137272178 
256 0.4293890107848526 0.17135524024253926 0.11286626475223684 0.14516750579007615 
257 0.4312140875491974 0.17177367644785993 0.11289913850474485 0.14654127259659266 
258 0.4329947060659478 0.1721373816939195 0.11304938281980746 0.14780794155222096 
259 0.4351009534869017 0.17243710227546974 0.11363546289895812 0.14902838831247373 
260 0.4369782407396568 0.17250429335547135 0.1140937070565211 0.15038024032766464 
261 0.4393485533246099 0.17259580537280964 0.11483650818184891 0.1519162397699518 
262 0.4420834181760487 0.17266067243212588 0.11584798395596335 0.1535747617879591 
263 0.4446942761912001 0.1726879504967158 0.11727878915996989 0.1547275365345145 
264 0.44709054070179843 0.17256822850053535 0.11892868322555383 0.15559362897570936 
265 0.44951964618109697 0.17256430287145352 0.12027693259541618 0.15667841071422814 
266 0.45165932616533533 0.17246018890588122 0.12144742347031405 0.1577517137891403 
267 0.4534974951632734 0.17226092256997025 0.12260903419559606 0.1586275383977071 
268 0.4552340673097396 0.17214501474148058 0.12393102407410539 0.15915802849415356 
269 0.45716561531850186 0.17218251317972108 0.12528735189920112 0.1596957502395797 
270 0.4586890008137348 0.17208500658296771 0.12643129711989629 0.16017269711087115 
271 0.45978892608869665 0.1719420021100764 0.12722768025165432 0.1606192437269662 
272 0.46066328203742757 0.17189118928726846 0.12766721086530458 0.1611048818848546 
273 0.46149941388723736 0.1718605040867308 0.12793288711502634 0.16170602268548034 
274 0.46221217760257843 0.17175662402128758 0.1280234085900633 0.1624321449912274 
275 0.46304660963770516 0.17186151309965636 0.12778866672149594 0.1633964298165528 
276 0.4643260452562502 0.17216153871208104 0.12757702446129474 0.1645874820828744 
277 0.4660138430020744 0.17258773186668988 0.12769990217189514 0.16572620896348905 
278 0.46755024335479595 0.1729247444206975 0.12762706521204917 0.1669984337220495 
279 0.4690395761455504 0.17341459492275604 0.12731756983879583 0.16830741138399877 
280 0.4707189098912991 0.17403181529792458 0.1270791146145788 0.16960797997879531 
281 0.47201574629780174 0.17441058763489964 0.12686562983841693 0.17073952882448512 
282 0.4726866381890828 0.17471874477550225 0.12641857335991596 0.17154932005366477 
283 0.473650128576993 0.17480295082941769 0.12649988219437658 0.17234729555319828 
284 0.47471184373020237 0.17498551132370302 0.12670350315397177 0.17302282925252788 
285 0.47506979617938044 0.17458535419779717 0.1268452720023816 0.17363916997920156 
286 0.4748568817851064 0.17407832321988082 0.12693419884625362 0.17384435971897183 
287 0.4746619514386889 0.1735434912687734 0.12698297258388302 0.17413548758603242 
288 0.4747469397269311 0.17303536273611891 0.12703221011859112 0.17467936687222102 
289 0.4743568848054314 0.1723684994155658 0.12693462135256567 0.17505376403730005 
290 0.4738210654958575 0.17148755568936183 0.126778070010245 0.17555543979625068 
291 0.4733226658173731 0.17058862723885862 0.12657794066652153 0.17615609791199327 
292 0.47298752804785404 0.16991646434302898 0.1263154446678709 0.17675561903695428 
293 0.4723712849750668 0.16923441036371728 0.1259892493914797 0.1771476252198696 
294 0.47240786672200646 0.1687657439661232 0.12574060668808798 0.17790151606779525 
295 0.47215792765220604 0.16809691972635776 0.1254452128233886 0.17861579510245962 
296 0.47253885974073 0.16758448074670707 0.12539730169209784 0.17955707730192502 
297 0.4727948344499235 0.16715314492640693 0.12534624202993133 0.18029544749358528 
298 0.47315099607105615 0.1667763856744581 0.12526358772122964 0.18111102267536847 
299 0.473697008549117 0.16667980003387042 0.12518226155283593 0.1818349469624104 
300 0.47391861213085396 0.16662396246190045 0.12509578971529978 0.18219885995365426 
301 0.47352114628696856 0.1662639552311681 0.12481072501295824 0.1824464660428425 
302 0.47283061490408457 0.16588810146678049 0.1247130587545232 0.18222945468278087 
303 0.4718390027689959 0.16557159233411342 0.12465877855917563 0.18160863187570742 
304 0.47018660033593007 0.1650508630077837 0.12461842042754381 0.18051731690060238 
305 0.46854604128173355 0.16472177113387698 0.12455460277509331 0.17926966737276326 
306 0.46669610967706027 0.1644883905774191 0.12438203546561788 0.17782568363402337 
307 0.4649171660779642 0.1642970475120415 0.12435649719967315 0.17626362136624962 
308 0.4631464105412008 0.16421878407550766 0.12433325222078237 0.17459437424491084 
309 0.4620052824882854 0.1643881981543017 0.12450124757565798 0.17311583675832576 
310 0.4611757080708732 0.1647652928889211 0.12473778495956848 0.17167263022238383 
311 0.46066245570720044 0.16524123524783432 0.12523710354261572 0.17018411691675064 
312 0.46034043877756636 0.16549040386870464 0.12563582070962542 0.16921421419923635 
313 0.46083023028803977 0.16594047537766557 0.1263130436019169 0.16857671130845728 
314 0.4620258858195448 0.1664108165481984 0.1272804531840889 0.16833461608725744 
315 0.4639895093374282 0.16697809545835174 0.12855614351531522 0.16845527036376115 
316 0.46631157207027707 0.16733214920642428 0.12972765654557447 0.16925176631827815 
317 0.46819363580493395 0.16759684204925138 0.13052649849290898 0.1700702952627734 
318 0.4704442091909028 0.16820086328416486 0.1312975077688578 0.17094583813788036 
319 0.4724893885024904 0.16859467581861126 0.1318935320704242 0.17200118061345482 
320 0.47442967605760006 0.16900751730492458 0.13248761370726247 0.17293454504541325 
321 0.4758005974724805 0.16949579671702358 0.13277610706719167 0.17352869368826523 
322 0.4771161446523246 0.16981385249782285 0.13318870566658095 0.1741135864879204 
323 0.47781681209324334 0.16996463857523844 0.133270902157166 0.17458127136083856 
324 0.4783405747489622 0.16998724280400232 0.13344906025572773 0.17490427168923184 
325 0.47851710777832884 0.17006402625136421 0.13373458471691924 0.17471849681004512 
326 0.4777252958121826 0.16995855929939258 0.13348991594163898 0.17427682057115074 
327 0.4764710472147712 0.16971096022621926 0.1332199893975199 0.1735400975910322 
328 0.4746910236489589 0.169222941574131 0.13282870061690175 0.17263938145792643 
329 0.4729073620997637 0.1688458199397199 0.13252432649442727 0.17153721566561675 
330 0.4704261456872809 0.16819932817750644 0.1321933406004631 0.17003347690931137 
331 0.46849933450813924 0.1677006420420307 0.13213592446549896 0.16866276800060975 
332 0.46619556231560977 0.16701560582628017 0.13194146358500913 0.16723849290432058 
333 0.4633465184738703 0.16611033138492654 0.13163360478890532 0.16560258230003858 
334 0.46026689556422107 0.1653990053613333 0.13122558804627454 0.16364230215661282 
335 0.45776968247611405 0.16500444784766394 0.1306432801953046 0.16212195443314525 
336 0.455947952365539 0.1647084929094725 0.13028562399245983 0.16095383546360686 
337 0.4538671208952513 0.16431612113890565 0.1298105632197138 0.15974043653663156 
338 0.4518370956106483 0.16361128509245768 0.12956150883824424 0.15866430167994633 
339 0.4501225813929643 0.16289986809226853 0.12950587949530007 0.15771683380539592 
340 0.44846582540372365 0.16207673077251747 0.12963656356095785 0.15675253107024847 
341 0.44620909152672883 0.1610831430856548 0.129437523649708 0.15568842479136621 
342 0.44431609382098813 0.1602401437693253 0.12920503279076334 0.1548709172608998 
343 0.4422308952674437 0.1588940357630206 0.12921742161778532 0.1541194378866376 
344 0.440258091541243 0.1573854643348141 0.1294117780597754 0.15346084914665342 
345 0.4381230340791992 0.1557018790449419 0.12941232366035638 0.15300883137390103 
346 0.43666636791458807 0.15431010184452193 0.1295905755862286 0.15276569048383734 
347 0.43536273384295576 0.1530362799047607 0.12991325549600322 0.1524131984421918 
348 0.4342384652617755 0.15161704481123667 0.1303338694152534 0.15228755103528532 
349 0.43332855569908996 0.15028168227114658 0.130848624144732 0.15219824928321157 
350 0.43236264875115804 0.1493544725199885 0.13099227542685749 0.15201590080431207 
351 0.4318895692575895 0.1485684958817053 0.13122655335498457 0.1520945200208994 
352 0.43114503672116783 0.14779058432692208 0.1312883116557815 0.1520661407384643 
353 0.4302166036253766 0.14710356535669852 0.1314624564962084 0.15165058177247012 
354 0.4292621612621497 0.1466436484692305 0.13169445066251606 0.1509240621304029 
355 0.428374100130683 0.14599226698724016 0.1321647168496905 0.1502171162937525 
356 0.4274147084263877 0.14542235018511362 0.132627379948868 0.14936497829240616 
357 0.42651343406070424 0.14509068092825556 0.1329584635093523 0.1484642896230966 
358 0.42572364328577006 0.14483427030876583 0.13334127138557814 0.14754810159142606 
359 0.4248464800992953 0.14440993043926986 0.13400001960154126 0.14643653005848428 
360 0.4240556875316205 0.14399306130050418 0.13453314084048332 0.1455294853906327 
361 0.4233214669608395 0.14342845211326816 0.13521412189415782 0.14467889295341338 
362 0.42233204659637613 0.14276006688694415 0.13578634596204753 0.14378563374738446 
363 0.421369949151672 0.14197213316188598 0.13650590866855128 0.1428919073212347 
364 0.4208262878782948 0.14139802673891644 0.13723057901330327 0.14219768212607492 
365 0.42043841168144186 0.14085706615096785 0.13790891324442828 0.14167243228604573 
366 0.4198011823204132 0.14038892057817298 0.13860631590023842 0.14080594584200146 
367 0.41977668879668056 0.14048310237729214 0.13907321881788898 0.14022036760149947 
368 0.42020005482146033 0.1407056808917616 0.13966861824440174 0.13982575568529726 
369 0.4202831021367869 0.14093957292371248 0.14000025867328048 0.1393432705397935 
370 0.4201478180959989 0.1411016961028982 0.14015696070116598 0.13888916129193501 
371 0.42021504390724884 0.1414960128654389 0.14044061277512626 0.13827841826668352 
372 0.42043174118775206 0.141820055783032 0.1407463294571093 0.13786535594761054 
373 0.42083943873003765 0.142256666278223 0.14113666297304883 0.13744610947876593 
374 0.42156747862044597 0.1427490463254359 0.14154982471199695 0.13726860758301343 
375 0.4228854802798273 0.14342983495383135 0.14213076279203357 0.13732488253396247 
376 0.4241664612468279 0.14390375953560597 0.14264178480868403 0.13762091690253783 
377 0.42519570005216173 0.14401802131315308 0.14300002357796213 0.1381776551610463 
378 0.4260935211394554 0.14419900521895748 0.14306531762219982 0.13882919829829796 
379 0.42701671641247174 0.14441465882616505 0.14310320390739983 0.13949885367890705 
380 0.42762481496754357 0.14431105579825843 0.14323330274090215 0.14008045642838307 
381 0.42833598878268836 0.14435051669405533 0.14346355683242515 0.14052191525620802 
382 0.4284604250172111 0.14433795435484975 0.14345776696350068 0.14066470369886047 
383 0.4287096609267766 0.14454270430133878 0.14361384356322104 0.1405531130622169 
384 0.42930072093184496 0.1448065282740279 0.14414488534335926 0.14034930731445783 
385 0.4300126103844637 0.14524658011152503 0.1449707350265934 0.13979529524634535 
386 0.43097927940868236 0.1456814210893269 0.1461370206343806 0.13916083768497528 
387 0.4315683584509214 0.145881704523662 0.14738831136017083 0.1382983425670887 
388 0.4321246443386748 0.14623182845717722 0.14852186598522327 0.1373709498962744 
389 0.4329164758923204 0.14686315441581857 0.1498204967951582 0.13623282468134365 
390 0.4338637570890947 0.14755260215207225 0.15127194079732995 0.13503921413969236 
391 0.4347317564476752 0.14851451225558687 0.1524614975075836 0.13375574668450468 
392 0.4357218636123115 0.14960918723996777 0.1536335886259605 0.13247908774638317 
393 0.4367853015546011 0.15076724729691474 0.15494293362237074 0.13107512063531582 
394 0.4379303600559276 0.15205171881076007 0.15615748824181666 0.12972115300335044 
395 0.43923331432603374 0.15350698209599536 0.15744074050495446 0.1282855917250843 
396 0.44011984528844494 0.15467496530366576 0.15857691156908596 0.12686796841569276 
397 0.4413714997309285 0.15611320221159972 0.1598581568217608 0.12540014069756822 
398 0.44217975215124866 0.15736628098840608 0.16110852018799446 0.12370495097484835 
399 0.4437880885846362 0.15894497122440046 0.16258023940334618 0.12226287795688931 
400 0.4453422641274592 0.16027751402320545 0.16422537445809868 0.12083937564615475 
401 0.4472264259972105 0.16173056203638642 0.16605032975213932 0.11944553420868459 
402 0.4495886112121394 0.1633852535869667 0.16782105724514876 0.11838230038002398 
403 0.4524969271111136 0.16503551942857936 0.16983695964704779 0.11762444803548651 
404 0.4552733282039692 0.1666322127022787 0.1718650922093661 0.11677602329232453 
405 0.45834422613928183 0.16840228743946858 0.1741137938437437 0.11582814485606954 
406 0.4608458566867902 0.17002963694065357 0.1761836981322564 0.11463252161388039 
407 0.46337948814264385 0.17166634635677652 0.17829364842324713 0.11341949336262012 
408 0.4652966629512882 0.17316362841204305 0.17999531306519614 0.11213772147404966 
409 0.46711956609683153 0.1743871298672027 0.18179373450244077 0.11093870172718798 
410 0.46845089357025127 0.17520214392404812 0.183605937395363 0.10964281225084008 
411 0.468989609533265 0.17584154182469103 0.18510606988213338 0.10804199782644104 
412 0.4694068094056339 0.17662966487773932 0.18644053886960063 0.1063366056582937 
413 0.4695594706927704 0.17743766185289994 0.18759965280294716 0.10452215603692334 
414 0.4690233580918679 0.1780496397871115 0.1884486060274403 0.10252511227731634 
415 0.4684372634879563 0.17858837856733456 0.18903666101986372 0.10081222390075831 
416 0.468094255809273 0.17913359463896988 0.18975392490571058 0.0992067362645923 
417 0.4678353328795267 0.1794927503392529 0.19060981115414533 0.09773277138612865 
418 0.46758735206851243 0.1798478617037227 0.19154989028071448 0.09618960008407534 
419 0.46733391704843524 0.18006141579381746 0.19252539968394713 0.09474710157067084 
420 0.46650287210247166 0.1799912541094051 0.1933160083184588 0.09319560967460797 
421 0.4658767016130755 0.1798808542545136 0.1941955757039958 0.09180027165456578 
422 0.46577867083093455 0.1800535953320907 0.19523449676061927 0.0904905787382245 
423 0.46582085426407643 0.1799420853573745 0.19641005596319688 0.08946871294350499 
424 0.4664452991955808 0.1797411293875644 0.19783814160071966 0.08886602820729678 
425 0.4675244551703444 0.17999367547796047 0.199105158451158 0.088425621241226 
426 0.4688770990899017 0.18029140261638513 0.20027614051381687 0.08830955595969968 
427 0.4708119278974627 0.18057005936513879 0.20182683127252282 0.08841503725980111 
428 0.47284615217721326 0.18083512259386883 0.20341371676880313 0.08859731281454149 
429 0.47443623082634123 0.181224811660649 0.20451108655625239 0.08870033260943988 
430 0.47622347348980537 0.18173919957138898 0.20538095003801526 0.08910332388040142 
431 0.4779714972383699 0.1822196782359598 0.20615453138019305 0.08959728762221666 
432 0.4792110252842113 0.18239623495947352 0.20689443520889497 0.08992035511584279 
433 0.4801946486084947 0.18232243008750926 0.2076207052068639 0.09025151331412211 
434 0.4809089918180487 0.18208954666097765 0.20826452142145221 0.09055492373561909 
435 0.48168896504793884 0.18168382313788 0.20905075549286525 0.09095438641719371 
436 0.482519822750137 0.18151596390541808 0.2098265262636919 0.09117733258102707 
437 0.4834830134659293 0.18125628493941967 0.21074922002435498 0.09147750850215504 
438 0.4838901955602694 0.18066815959919993 0.2114353011854821 0.09178673477558705 
439 0.48412716456267724 0.18011083273526055 0.2119418275731193 0.09207450425429713 
440 0.4840419116131381 0.17926703155761492 0.21253022671002286 0.0922446533455004 
441 0.4835160631144923 0.1782012438443881 0.21314371768785245 0.09217110158225156 
442 0.4823413593705037 0.1771986422026513 0.21333598106701374 0.09180673610083825 
443 0.4817016250469015 0.17650493861449512 0.21368413775707787 0.0915125486753284 
444 0.48094538238322554 0.1759163395823957 0.21398098164155493 0.09104806115927516 
445 0.4797740974166915 0.1753981861136734 0.21395030363922643 0.09042560766379182 
446 0.4788183835763416 0.17491977275721993 0.21400543109633058 0.08989317972279112 
447 0.4779898714707063 0.17465603383713707 0.21403754185697102 0.08929629577659821 
448 0.476904222436027 0.17420653109726378 0.21414300645050774 0.08855468488825521 
449 0.47653399507339717 0.174307235176713 0.21433864971305713 0.08788811018362688 
450 0.47626189898099647 0.17434390969097843 0.21459183980620863 0.0873261494838096 
451 0.4756932205563639 0.17417829811636412 0.21479944182020125 0.08671548061979859 
452 0.4750995905144845 0.17384944838176697 0.21501675199937695 0.08623339013334055 
453 0.47482829786515723 0.17358223100860995 0.21541379066347077 0.08583227619307632 
454 0.4743993778700835 0.17306298567307873 0.21583712113096004 0.08549927106604464 
455 0.474185622572097 0.17264226021397033 0.21641649355472925 0.08512686880339702 
456 0.4739851815866219 0.17231574753497184 0.21703735315902617 0.08463208089262378 
457 0.47409788563184235 0.17209484158398017 0.2177563596460194 0.0842466844018427 
458 0.47438612267592467 0.17183817094558607 0.21864616059551678 0.08390179113482196 
459 0.47487641693891935 0.17212678576154158 0.21917458164688747 0.08357504953049033 
460 0.4752322420796854 0.17240693864264786 0.21954612637408746 0.08327917706295007 
461 0.4757727312659877 0.1728586858818503 0.21971818928920767 0.08319585609492937 
462 0.4758877977026249 0.1735191969742488 0.2193839802146493 0.08298462051372686 
463 0.4762540383763512 0.17427307639489517 0.21916682030819853 0.08281414167325749 
464 0.4765690993181422 0.17484613776680355 0.21881690000623183 0.0829060615451068 
465 0.4769942897891428 0.17556300500654126 0.2184523406089179 0.08297894417368334 
466 0.47686823683982804 0.17606301122031157 0.21764812977482542 0.08315709584469123 
467 0.4764715009682003 0.176397139040201 0.21676427085270533 0.08331009107529391 
468 0.4755770021870604 0.17633213247951976 0.2159904990577953 0.08325437064974513 
469 0.4741607169342636 0.1761975584662804 0.21486189765030805 0.08310126081767492 
470 0.47299708380533934 0.17585623212494336 0.2140371545482519 0.08310369713214383 
471 0.4714091020419539 0.17540134679909436 0.21305042618682182 0.08295732905603756 
472 0.4696516626990263 0.17494023196482053 0.21210432496965098 0.08260710576455449 
473 0.46769244322048675 0.17434124864173983 0.21109286891568937 0.08225832566305756 
474 0.46553380073382283 0.17382260529218696 0.20998901376113865 0.0817221816804969 
475 0.4632382096705143 0.1730059161368648 0.2090471508114874 0.0811851427221617 
476 0.46055278471123784 0.17205293137955305 0.2079591612351993 0.0805406920964855 
477 0.45847251781590875 0.17126011050719084 0.20713656512329484 0.0800758421854229 
478 0.4569596157655775 0.170666598294526 0.20644216324336953 0.07985085422768232 
479 0.455652659152678 0.1700202786510102 0.20604545413456893 0.0795869263670985 
480 0.45480314835908897 0.16923781947524336 0.205808676378143 0.0797566525057022 
481 0.4542075175754843 0.1683225035628909 0.20566895393192708 0.08021606008066612 
482 0.4544708507505623 0.16741216137275197 0.2060709625187257 0.08098772685908477 
483 0.455106533050078 0.1667388807069941 0.20675999389239513 0.08160765845068878 
484 0.45570349803667487 0.16614705659925508 0.2073365234932188 0.08221991794420143 
485 0.4561334520318592 0.16521817999830501 0.2084160360535354 0.08249923598001853 
486 0.456203846856011 0.16447581795490557 0.20909330884967936 0.08263472005142601 
487 0.45541993206933845 0.16341637287416416 0.20939635340518692 0.08260720578998743 
488 0.4544380988860689 0.1624684426538533 0.2094708182531375 0.08249883797907744 
489 0.4533686061210751 0.16161257256931671 0.20958646778605597 0.08216956576570236 
490 0.45183133759588534 0.16073663822239137 0.2096584035757506 0.08143629579774336 
491 0.4500533447915548 0.15983430813392405 0.20963620572477315 0.08058283093285787 
492 0.44815690939594444 0.15896792627803907 0.20979236260582254 0.07939662051208317 
493 0.44630481431450697 0.15840209056279628 0.2100661414166637 0.07783658233504688 
494 0.44468382721128696 0.15813552186137889 0.21038545562707586 0.0761628497228322 
495 0.44282879381942486 0.15790807709809784 0.21051089340987722 0.07440982331144975 
496 0.44104431682715417 0.1578078925160821 0.21051061226401507 0.07272581204705707 
497 0.43947156367361456 0.15754626540139802 0.2108827815841624 0.07104251668805435 
498 0.43853617322424665 0.1575131860654886 0.21151293879630573 0.06951004836245209 
499 0.43815473277938854 0.15756296893053234 0.21226799159665374 0.06832377225220232 
500 0.43859485070943943 0.15761188728474101 0.21344605333579592 0.06753691008890234 
501 0.4396742257628246 0.15775168318038665 0.2149062125160444 0.06701633006639372 
502 0.4410366030636106 0.15791902201947203 0.2161601071257724 0.06695747391836611 
503 0.4425562421206668 0.15820471065530028 0.21733443709991887 0.06701709436544812 
504 0.4436686508736615 0.1584811759569099 0.21785927522648482 0.06732819969026686 
505 0.44497771116152973 0.15882370551650238 0.21831410886732672 0.06783989677770112 
506 0.44627958567850473 0.1591556862036131 0.21867818900686123 0.06844571046803023 
507 0.44749182935893633 0.15945538473461637 0.21878010748367693 0.06925633714064372 
508 0.4488371629477042 0.15990147965258955 0.2187439971552642 0.07019168613985038 
509 0.45026137361199614 0.16032737001662672 0.2187559487038269 0.07117805489154233 
510 0.4516810433100159 0.16061343586665752 0.21911536493997716 0.07195224250338142 
511 0.45320870555657283 0.1609148553024418 0.21961765351724724 0.07267619673688411 
512 0.45500186157270245 0.1612883275249577 0.2204756955646637 0.07323783848308155 
513 0.45661370386984357 0.16132770197421642 0.22141163816778323 0.0738743637278435 
514 0.4578499302897663 0.16127399872757567 0.22214543989440494 0.0744304916677855 
515 0.45902164574451676 0.16124006913352087 0.22262428473524856 0.07515729187574743 
516 0.46015773991829606 0.16094282763018325 0.22317371723046828 0.07604119505764405 
517 0.4616141974585836 0.16076724088799682 0.2237032824675085 0.0771436741030783 
518 0.46318711550191016 0.16073628212723268 0.22417163583144498 0.07827919754323233 
519 0.4646994861690333 0.16060525583839322 0.22465239101619133 0.07944183931444855 
520 0.4654605865176786 0.16041373481075322 0.22463470862265195 0.08041214308427329 
521 0.46576315653284717 0.16008705102332088 0.22426796184963543 0.08140814365989099 
522 0.4652581721339176 0.15946581913270044 0.22345627736955265 0.08233607563166423 
523 0.46435578372615 0.15886285693034993 0.22241348116864101 0.083079445627159 
524 0.46284760457528495 0.15805318136985924 0.22111587078884548 0.08367855241658033 
525 0.4610792204524425 0.1571109237273439 0.2198722651283562 0.08409603159674262 
526 0.45927968813762043 0.156147209964805 0.21854808341658893 0.08458439475622667 
527 0.45782041287413117 0.15542901250344257 0.21716710219617177 0.08522429817451682 
528 0.45615174957477594 0.1546835845664965 0.215586092549922 0.08588207245835758 
529 0.45461887006687 0.1540327022378876 0.21404528662339545 0.08654088120558678 
530 0.4536041987916133 0.1536701996604039 0.21269975145681105 0.0872342476743986 
531 0.4527701926447784 0.15370440952949543 0.21108095722409823 0.08798482589118434 
532 0.45168892653984805 0.15376592728755115 0.20957795882233984 0.08834504042995724 
533 0.4502795032394681 0.15386630582486738 0.20791418662647607 0.08849901078812462 
534 0.44901472172495366 0.15404793094651495 0.2064664537156519 0.08850033706278668 
535 0.4482734707566852 0.15462313617529433 0.20527954699882872 0.088370787582562 
536 0.4480469143385904 0.1555467494629975 0.20449291339140444 0.08800725148418855 
537 0.44769034979241423 0.15643382752386226 0.2039275186245707 0.08732900364398137 
538 0.4473942588953072 0.15724638681803882 0.2036011022878157 0.08654676978945199 
539 0.4467376102547984 0.15787350903106545 0.20335791625199365 0.08550618497173901 
540 0.4464218267110646 0.15861266998096604 0.20323151544607604 0.08457764128402236 
541 0.4454728571894859 0.1589357036443871 0.20294586443481483 0.08359128911028363 
542 0.4444946152566803 0.15914085349572013 0.20274416461021405 0.08260959715074603 
543 0.44336525205048627 0.15930998405815605 0.20237640910298627 0.0816788588893436 
544 0.4418605233023528 0.15904934709613902 0.20185240061465984 0.08095877559155366 
545 0.44006742588043385 0.15875008245206385 0.20106907797757598 0.0802482654507935 
546 0.43836844370003536 0.15828828440529918 0.2003274770975423 0.07975268219719395 
547 0.43691221262983804 0.1578567711966104 0.19958109775769442 0.07947434367553326 
548 0.43599700090810506 0.15753474876601517 0.19906272464221872 0.07939952749987164 
549 0.43519002800177164 0.15722777195870982 0.19852077978328828 0.07944147625977348 
550 0.4340294169742222 0.15670122942752931 0.1977711462629011 0.07955704128379194 
551 0.4326563227403597 0.15603954059710567 0.19702747437985557 0.07958930776339833 
552 0.4314848099006379 0.15529371969423017 0.19629147073065908 0.0798996194757488 
553 0.4300031871112137 0.1540561351579413 0.19575792297811803 0.08018912897515434 
554 0.4286437328538275 0.15284342685862637 0.19519995349656244 0.08060035249863912 
555 0.4278877406985367 0.1516608840535568 0.19503827586998962 0.08118858077499044 
556 0.4269586815041706 0.15011507375457714 0.19482195856030432 0.08202164918928923 
557 0.4262357241500747 0.14846093963323 0.19457910374690493 0.08319568076994022 
558 0.4259183591702976 0.14680440914805137 0.1943935061770689 0.08472044384517737 
559 0.42591012596455535 0.14540609238096064 0.1942523108957463 0.08625172268784825 
560 0.4260116200380187 0.1441106102617302 0.19406945749382284 0.08783155228246566 
561 0.4257996763413936 0.14295278708014564 0.19360120394933242 0.08924568531191586 
562 0.42533914258725214 0.14168662390923345 0.1928749047879967 0.09077761389002201 
563 0.4252486014201519 0.1406716460153309 0.1921319242843068 0.09244503112051404 
564 0.4252301140280419 0.13954114615074178 0.19140827927194573 0.09428068860535449 
565 0.42541247724848286 0.13881575017592251 0.19055020892724883 0.09604651814531183 
566 0.4261536652191405 0.13837578373419535 0.18993026475186128 0.09784761673308388 
567 0.42717409189004646 0.13800678826402948 0.18945741275526054 0.09970989087075624 
568 0.42839044663020126 0.13763310499803214 0.18916675046144887 0.10159059117072027 
569 0.4297735708917354 0.13744922785754385 0.18898737859179598 0.10333696444239568 
570 0.43107379428109416 0.13740372318413346 0.18881699369734792 0.10485307739961289 
571 0.43227908536877246 0.13729280530808802 0.1887304995060893 0.10625578055459514 
572 0.43336011601238095 0.13726784706482967 0.18855456322991626 0.10753770571763466 
573 0.43483831639456616 0.13757174122163424 0.1885762402727916 0.10869033490014025 
574 0.43710765397777307 0.13836554980005236 0.1890024028772536 0.10973970130046716 
575 0.4390921719672444 0.13920081095563128 0.18947079302847378 0.11042056798313998 
576 0.4411586288426006 0.14030841397265928 0.18985734921665953 0.1109928656532819 
577 0.4432189126743677 0.1413918399411282 0.19054970798055365 0.11127736475268589 
578 0.4454720988903549 0.14245893563377326 0.19133677359867443 0.1116763896579072 
579 0.447956490758052 0.14385876118758306 0.1921588799649764 0.11193884960549243 
580 0.4500907549145564 0.14532082976214408 0.19263351717145 0.11213640798096228 
581 0.45207543400296274 0.14684112883074457 0.1931754056151036 0.11205889955711486 
582 0.45369696789319996 0.14850941412534624 0.1934621762014786 0.1117253775663749 
583 0.4554764432940644 0.15005113490403713 0.19419048160598246 0.11123482678404494 
584 0.4573770322647544 0.15178426720912774 0.1949191969842916 0.11067356807133505 
585 0.4599996669022268 0.15396730098621392 0.19577761006679364 0.11025475584921914 
586 0.46226299610621946 0.15594402506862703 0.19676946797860068 0.10954950305899168 
587 0.4636232474794402 0.15777532106829284 0.19735015329891867 0.10849777311222888 
588 0.4648464247951812 0.15931573704519372 0.19809455336238183 0.10743613438760542 
589 0.4663108621707504 0.16070819016111834 0.1991363569266636 0.10646631508296892 
590 0.46799102483277777 0.16200885721797145 0.20042347977514618 0.10555868783966 
591 0.4694299309937288 0.1631088814619592 0.20157768411654003 0.10474336541522977 
592 0.47092034709110153 0.16404807884202025 0.20271323165390423 0.10415903659517728 
593 0.47205540674389923 0.16491624660481294 0.2034576275391192 0.10368153259996665 
594 0.47340182184725865 0.16600809958979384 0.2040810892860517 0.10331263297141287 
595 0.47477145523872943 0.16708378542626795 0.20439812920596737 0.10328954060649408 
596 0.47593331903934843 0.16800322191774164 0.20447797323721464 0.1034521238843924 
597 0.4771612839721552 0.16907618395348734 0.20444376670180028 0.10364133331686733 
598 0.4783722798148825 0.1700422760085183 0.20459384184165683 0.10373616196470742 
599 0.479557321082261 0.1706727645947904 0.2049553541750559 0.10392920231241465 
600 0.48037433200819313 0.1713094003549003 0.20500138465376325 0.1040635469995297 
601 0.48147155143612813 0.1721774308379922 0.20530128550142154 0.10399283509671428 
602 0.48218844374434244 0.173138905462913 0.20519483762109142 0.10385470066033828 
603 0.48375592831137854 0.1744039562724834 0.20527534012432905 0.10407663191456601 
604 0.48527156357620044 0.17538883348119486 0.20577137245995333 0.10411135763505212 
605 0.4860414379876165 0.17611860617602842 0.20606469464934482 0.10385813716224336 
606 0.48636977359141337 0.17673453854815013 0.20616034942946676 0.10347488561379661 
607 0.4877140774799918 0.1777040339940895 0.2069372269537817 0.1030728165321202 
608 0.4887612116244296 0.1785482509076086 0.20758741535349823 0.10262554536332286 
609 0.4900730669649016 0.17929989845655842 0.2086269605663918 0.10214620794195144 
610 0.4913470167750943 0.1795834087434379 0.20990454588104127 0.1018590621506154 
611 0.4920608504959268 0.17935071763039695 0.21105127830764572 0.10165885455788382 
612 0.492718838832599 0.17918998492760776 0.2123154916649239 0.10121336224006733 
613 0.4934469492699379 0.17895004533612763 0.21365314976150865 0.10084375417230167 
614 0.49408321282881956 0.17883217485710218 0.214737080042238 0.10051395792947908 
615 0.49443413448002943 0.1786985985619452 0.21588271914216464 0.09985281677591963 
616 0.49511557291455627 0.17880305160558968 0.21704774529507423 0.09926477601389201 
617 0.4955075800542013 0.17888501387377753 0.21815559173856916 0.0984669744418545 
618 0.4960974440923277 0.1786024827111496 0.2195925142007782 0.09790244718040027 
619 0.4967080118867832 0.1780156838076107 0.2212956312354309 0.09739669684374173 
620 0.4966114737973259 0.17685751192374283 0.22289918496438227 0.09685477690920066 
621 0.49625986888729706 0.17546895892225348 0.22442726311757694 0.09636364684746643 
622 0.49615217152602237 0.1739589144858134 0.22604236450821283 0.09615089253199605 
623 0.4960057170903214 0.17276590743470113 0.22730881123643065 0.0959309984191897 
624 0.49589316955365614 0.1713797606940503 0.22861282880015388 0.09590058005945169 
625 0.4964039703963521 0.1702752298028498 0.23040504183077368 0.09572369876272838 
626 0.496929494453534 0.1694556441556478 0.23192417750427613 0.0955496727936103 
627 0.49756456544254485 0.16876754217802792 0.2332866223619491 0.09551040090256763 
628 0.4980898103215037 0.16806185708976729 0.23465546667146733 0.09537248656026902 
629 0.4989845169470598 0.16773054046327499 0.2358893009971009 0.09536467548668384 
630 0.5000766353306826 0.16767271723633134 0.23710421753086133 0.09529970056348994 
631 0.5006241346693028 0.16749066556395437 0.23814848775206018 0.09498498135328794 
632 0.5017012133811272 0.16753174252845157 0.2392067283744449 0.09496274247823062 
633 0.5029677375567618 0.16761566744730888 0.24039458082738616 0.09495748928206638 
634 0.5045677303733415 0.1677897215292345 0.24159328031709487 0.09518472852701239 
635 0.5066292688117018 0.16831734012962868 0.2427800854870268 0.095531843195046 
636 0.5089143499935314 0.16892256023486985 0.24408581264404697 0.0959059771146145 
637 0.5110777568052854 0.16978714959170163 0.24506287231722831 0.0962277348963557 
638 0.5135861021558131 0.1705826680784127 0.24627694854587648 0.09672648553152366 
639 0.515384782161092 0.17107197225053752 0.24710672523430802 0.09720608467624643 
640 0.5173897674014878 0.17144173255839396 0.24830236471991382 0.09764567012318001 
641 0.5188174604071165 0.17165340523522712 0.24915898126390915 0.09800507390797981 
642 0.519828099618793 0.1716508700471466 0.24983092861364906 0.09834630095799748 
643 0.5207126980161332 0.1717036360985599 0.2503737913652171 0.09863527055235655 
644 0.5215242052127796 0.17200298995107033 0.2509013627361485 0.09861985252556098 
645 0.5219909405538196 0.17205705950758804 0.2513054788970593 0.0986284021491727 
646 0.5223820251191001 0.17219034012705403 0.25174724097434836 0.09844444401769774 
647 0.5220375688486977 0.172183822898312 0.25192823281014576 0.09792551314024003 
648 0.5216495788825597 0.17215773758655356 0.2523479674673451 0.09714387382866135 
649 0.521099212030478 0.17210867810339203 0.25270541494142484 0.09628511898566144 
650 0.520807350590474 0.17229596131769118 0.25307302578258617 0.09543836349019659 
651 0.5204616633079535 0.1728317010873924 0.2530679017662346 0.09456206045432684 
652 0.5199519673395011 0.1733819877302426 0.25290527558713327 0.09366470402212543 
653 0.5193667445683898 0.17398453151749088 0.2527084161735638 0.09267379687733479 
654 0.5189711413281693 0.17464085966324508 0.2524469380208445 0.09188334364407998 
655 0.5187049165507902 0.1753978899070623 0.25232936283911817 0.09097766380460924 
656 0.518563300550253 0.1761114574099638 0.2523528518699851 0.09009899127030414 
657 0.5188266675285007 0.1768152082012064 0.25257774761863533 0.08943371170865919 
658 0.518737958692965 0.1773371694973328 0.2526508610085356 0.0887499281870967 
659 0.5189012146244995 0.17783535063449785 0.2529517648399032 0.08811409915009778 
660 0.5185673344849279 0.17802529352844518 0.25329862965229305 0.08724341130418971 
661 0.5187311235562547 0.17821082952409678 0.25415810361264124 0.08636219041951654 
662 0.5185583046012338 0.17823927029342165 0.254748993370987 0.08557004093682523 
663 0.5182221320627385 0.1778972746828264 0.255448895281211 0.08487596209870164 
664 0.5178800736172361 0.17756922332720065 0.25606384750645667 0.08424700278357856 
665 0.5173184830650779 0.17734867030293164 0.25644582463364873 0.08352398812849776 
666 0.5171494326129367 0.17732043582284399 0.2569985894463752 0.0828304073437176 
667 0.5168605938325659 0.1773526395856299 0.2574145212828538 0.08209343296408146 
668 0.5162865327257504 0.17740822068423787 0.2574498594279635 0.08142845261354889 
669 0.51571967402362 0.17770583775789742 0.25728307513540405 0.08073076113031868 
670 0.5148629136229854 0.1777934525104923 0.2570713382184208 0.07999812289407249 
671 0.5140052251412666 0.1779741076850478 0.2566245454387538 0.07940657201746477 
672 0.5129571001179211 0.17810944304192722 0.25607521469890465 0.07877244237708941 
673 0.511929014669294 0.17817722245493675 0.2556574692555051 0.0780943229588518 
674 0.511121084578223 0.17825860996078066 0.25533112716153383 0.07753134745590828 
675 0.5108316311671671 0.17859352844605006 0.2551299518929531 0.07710815082816408 
676 0.5111262172682393 0.17904648985368257 0.2554023012718109 0.0766774261427458 
677 0.5120052702846749 0.17958919585540262 0.2560488725925461 0.07636720183672593 
678 0.5123180837645451 0.1798099227792037 0.25627768882686236 0.07623047215847888 
679 0.5125735545875395 0.17996183103215338 0.25645506526779577 0.07615665828759036 
680 0.5127675351312136 0.18030153640026794 0.2563811503484127 0.0760848483825335 
681 0.5134641249489401 0.18070090209285392 0.2564967349229017 0.07626648793318418 
682 0.5135693021820636 0.1806701431248107 0.2563730203172051 0.0765261387400479 
683 0.5140738648753868 0.18052852526853158 0.2565452114234168 0.07700012818343817 
684 0.5146130695829536 0.18037387402691846 0.25671091076871033 0.07752828478732522 
685 0.5153902353182161 0.18024904234445593 0.25684614734095884 0.07829504563280132 
686 0.5162751596479714 0.1804046984632454 0.25674187981016755 0.07912858137455858 
687 0.5171505754970648 0.18046351263793953 0.25662678966751723 0.0800602731916084 
688 0.5179772295575947 0.18063115044041844 0.25640527201637636 0.08094080710079973 
689 0.5186674698270424 0.1808539980981977 0.2560156075159563 0.08179786421288797 
690 0.5188239608847646 0.1811896777163596 0.2552982225157492 0.08233606065265617 
691 0.5189199588969233 0.18175268761631516 0.25440964323093157 0.08275762804967678 
692 0.5190213070478473 0.18253391063365115 0.2535628511975487 0.0829245452166473 
693 0.5194611629392807 0.18322946294032294 0.2529342581859705 0.08329744181298748 
694 0.5196714459311501 0.18375150508039909 0.2523078714070392 0.08361206944371175 
695 0.5199876713543234 0.18436700852520846 0.25180119563791226 0.0838194671912029 
696 0.5200210356781515 0.18497314019847963 0.25105995867509545 0.08398793680457636 
697 0.5199074573939914 0.18550011419574963 0.25016675034956665 0.08424059284867513 
698 0.5198030465265505 0.18588103627421296 0.24951641475058806 0.08440559550174917 
699 0.5191107101648589 0.18579593375224188 0.24881692075986014 0.08449785565275669 
700 0.5190326613521387 0.18583646068316823 0.24853030971279524 0.08466589095617515 
701 0.5188045204625408 0.1860187390855236 0.24799007898080966 0.0847957023962077 
702 0.5179289782940324 0.1861119695637687 0.24694206317197984 0.08487494555828395 
703 0.5171863023576077 0.1860620424463992 0.24617073951404195 0.0849535203971664 
704 0.5166564269807601 0.1859466012348508 0.24559302776163489 0.08511679798427398 
705 0.5161372268518222 0.1860601487967439 0.24499262204724093 0.08508445600783739 
706 0.5149426942101736 0.1860554658268942 0.2440527276309376 0.08483450075234217 
707 0.5139582587891182 0.18623436295571888 0.24326551018132078 0.08445838565207849 
708 0.5126559158591337 0.1861488780811292 0.2423857413305344 0.08412129644747021 
709 0.511674049405795 0.18630227651598574 0.24161476906609108 0.08375700382371816 
710 0.5105578027366598 0.18618770291044345 0.24086873986098128 0.08350135996523532 
711 0.509179894806503 0.18569611981856873 0.2401875144433177 0.08329626054461656 
712 0.5073336117845153 0.18529937183341114 0.23916659476957164 0.08286764518153257 
713 0.5061403527784912 0.18493173347686542 0.23867955091645923 0.08252906838516662 
714 0.5049965714160249 0.18467651639099214 0.23806537692263308 0.08225467810240007 
715 0.5042308232971834 0.18445117759749835 0.23772695479390268 0.08205269090578236 
716 0.5030248396781857 0.1840595179763766 0.23717813350603326 0.08178718819577592 
717 0.5015852736806948 0.18332927103738053 0.2369055067642573 0.0813504958790571 
718 0.5002600405371169 0.18259026638337364 0.23660369769551726 0.08106607645822612 
719 0.4994727523996519 0.1822988869846579 0.2363284719803575 0.08084539343463636 
720 0.4988846398840189 0.18217540281019562 0.23604842186569638 0.08066081520812686 
721 0.4982193619509166 0.18203932726941927 0.235623461881721 0.08055657279977618 
722 0.49783110372348466 0.1820812407523093 0.23514635612104906 0.08060350685012611 
723 0.49753754872590533 0.18218357284181455 0.23449684671786586 0.08085712916622496 
724 0.49701574082896516 0.1825866437465043 0.23313068595922495 0.081298411123236 
725 0.4968639322233441 0.18336006110820197 0.23155365231550398 0.08195021879963854 
726 0.4966461017712421 0.1842732161156962 0.22962532855945286 0.08274755709609306 
727 0.49662903199983 0.185338863053562 0.2277619878851023 0.0835281810611658 
728 0.49674744422617506 0.18667089083205335 0.22584602820124788 0.0842305251928738 
729 0.4971303248061674 0.18775292572389377 0.2243198311083078 0.08505756797396588 
730 0.49708001235143867 0.18859553182999464 0.22261749402982392 0.08586698649161996 
731 0.496708538451098 0.18958390634987946 0.22077303536770973 0.08635159673350892 
732 0.49669929654259404 0.19084657399154964 0.21903926629102477 0.08681345626001961 
733 0.49612910663773646 0.1914233947277951 0.21744554068542543 0.08726017122451633 
734 0.4956216603783783 0.19205491583853 0.21582946914861853 0.08773727539122965 
735 0.4946834021627127 0.19273540289411414 0.21397854936879368 0.08796944989980501 
736 0.49391220566561794 0.1935890606308138 0.2124728250634671 0.08785031997133701 
737 0.4934707722045994 0.19440130816703774 0.211530302232384 0.08753916180517772 
738 0.493031968387097 0.1952568996323166 0.21052233820425015 0.08725273055053012 
739 0.49234180085613843 0.1960603567407712 0.2095203551746064 0.08676108894076075 
740 0.49184196965356763 0.19673475840183863 0.20887731609046709 0.08622989516126175 
741 0.49085487256032356 0.1970821747937507 0.20824584679487387 0.08552685097169942 
742 0.4903391484101729 0.19749707814088774 0.20805616707867067 0.0847859031906145 
743 0.49024719165380104 0.19798454186537223 0.20799046296550858 0.08427218682292067 
744 0.4899506164625699 0.19808473285753453 0.2082267686691024 0.08363911493593265 
745 0.4897105090446034 0.19802361016454162 0.208522922062732 0.08316397681732987 
746 0.4898340840173812 0.19788913668275365 0.2090124259353648 0.08293252139926305 
747 0.49006380389187354 0.1979942695023084 0.2094685389580838 0.08260099543148153 
748 0.4906504036438684 0.19833784069843396 0.21010812239835366 0.08220444054708097 
749 0.4909369253878148 0.19865610225865954 0.21051618323334526 0.08176463989581023 
750 0.4909421414883235 0.19900366398389227 0.21068838129231537 0.08125009621211615 
751 0.4903898714893802 0.19933895621593214 0.21056757469206175 0.0804833405813865 
752 0.4896767040236797 0.19970291268634816 0.21037758871858322 0.07959620261874811 
753 0.48894842548363837 0.20018086496949256 0.20999768206719122 0.07876987844695459 
754 0.4881974242652923 0.20047538038971704 0.20968108019147338 0.07804096368410189 
755 0.48702016076954346 0.20060685827807329 0.20919233947617275 0.07722096301529734 
756 0.4859469341426782 0.20096019121952205 0.20852011545479665 0.07646662746835974 
757 0.4848393509737505 0.20128469596964935 0.20801678261842985 0.07553787238567125 
758 0.4838751991867339 0.20142104472202615 0.2077280237647227 0.07472613069998488 
759 0.48279626884182714 0.20123963543995013 0.2075525236785723 0.07400410972330451 
760 0.4817027710050762 0.20093559390548796 0.20755482615185097 0.07321235094773723 
761 0.4804495743592691 0.2004824112871147 0.20746478209853203 0.07250238097362291 
762 0.4795200849206181 0.19994530801257815 0.20750707106457272 0.07206770584346718 
763 0.4785061876170725 0.19941588886861333 0.2074191421400578 0.07167115660840111 
764 0.47765327007481445 0.19867195577514607 0.20766047440025306 0.07132083989941537 
765 0.4769375424906447 0.19801841537673695 0.20778762126768002 0.07113150584622752 
766 0.47655898444480443 0.1973865619576788 0.2080785388353093 0.07109388365181586 
767 0.4764554258163521 0.19724236494985864 0.20809126608501824 0.0711217947814748 
768 0.4765913808394562 0.1971969142859191 0.20816108852143256 0.07123337803210442 
769 0.4769265908184844 0.1971505885862974 0.20838096434192807 0.07139503789025894 
770 0.47781371601578887 0.19722248457377892 0.2090118277627697 0.07157940367924041 
771 0.47927250159684476 0.19778611374341765 0.20955991327164974 0.07192647458177709 
772 0.4806799008184679 0.19836243093009132 0.21003803295276896 0.0722794369356074 
773 0.482098737336462 0.19887779833415264 0.21050182519843902 0.07271911380387042 
774 0.4839733323297907 0.19944334569415179 0.211475530307108 0.0730544563285311 
775 0.48556511956442144 0.2000215845339551 0.21231899356025094 0.07322454147021493 
776 0.4875804392322638 0.20073046319839946 0.21335647281256676 0.07349350322129757 
777 0.49032625344553193 0.2018156332403446 0.21453097694289755 0.0739796432622899 
778 0.4927674688930064 0.20282914080107153 0.21567314813996447 0.0742651799519704 
779 0.4951089290088966 0.2038804080692291 0.21678704221819206 0.0744414787214751 
780 0.49674713984213575 0.20470539533106144 0.21743820492866137 0.07460353958241281 
781 0.4979439758373538 0.20545573221082908 0.21784364833659411 0.07464459528993048 
782 0.4989344454995372 0.20603213961336111 0.21833443553548287 0.07456787035069358 
783 0.4997194426264968 0.20651390656999627 0.21872206873686548 0.074483467319635 
784 0.5006610643756495 0.20712262030977882 0.2192377977160705 0.07430064634980027 
785 0.5012810444314387 0.2077977069073669 0.21943539829232042 0.07404793923175157 
786 0.5017946993272727 0.2084426245839492 0.21963683764999192 0.0737152370933316 
787 0.5026472709976737 0.20958999928250333 0.21967359868195538 0.07338367303321512 
788 0.5026668974034757 0.21019105499185314 0.21924092339872714 0.07323491901289533 
789 0.5027883283249268 0.21063466326362582 0.21887420315137307 0.07327946190992779 
790 0.5028941603020414 0.21120511553886298 0.21847581282308368 0.07321323194009456 
791 0.503058038037685 0.21178137932671284 0.2182717614044757 0.07300489730649629 
792 0.5033370729689607 0.21220681456187088 0.21825607542988673 0.07287418297720331 
793 0.5039126883520798 0.2127152735157043 0.21830435414756483 0.07289306068881059 
794 0.5042428026207845 0.2128172111737491 0.21865842119561518 0.07276717025141999 
795 0.5044623361564214 0.21301047964541897 0.21893213835237973 0.0725197181586228 
796 0.5044644088326244 0.21328655512468409 0.21889009505073936 0.07228775865720094 
797 0.5042198819062661 0.2135355551505139 0.21880489756039784 0.07187942919535445 
798 0.5043332316183202 0.2140888416977105 0.21885716488270987 0.07138722503790028 
799 0.5043576204241087 0.2145945935927668 0.21909676080702875 0.07066626602431275 
800 0.5042347745146284 0.2153703660520303 0.21912524058330277 0.06973916787929563 
801 0.5040377829769099 0.2162634087975397 0.2191823818703133 0.06859199230905688 
802 0.5035070798872965 0.21701741517869705 0.21893664207153912 0.06755302263706009 
803 0.5029223433111528 0.2176167125140251 0.21857408671914422 0.0667315440779833 
804 0.5021165242132571 0.21794521858138585 0.21819863825540062 0.06597266737647024 
805 0.5008173398155218 0.21794137936396749 0.217729701119237 0.06514625933231749 
806 0.4998871581134087 0.21824328324830525 0.21738474525829712 0.0642591296068062 
807 0.49890650045501395 0.2185212402756269 0.21690033540044099 0.06348492477894614 
808 0.4977732607299141 0.21869907482314754 0.21620929594034496 0.062864889966422 
809 0.49638316045709474 0.21871430104324793 0.2152450493374964 0.06242381007635061 
810 0.4954935405088102 0.2188988544409969 0.21446427303937005 0.062130413028443326 
811 0.4950633565980674 0.2192776685261681 0.21382212453204824 0.06196356353985105 
812 0.49505303637269815 0.21964810042238025 0.21326172755720937 0.06214320839310853 
813 0.4950535166361364 0.21969935250494668 0.2128554274262452 0.0624987367049446 
814 0.4948880466424272 0.2195947279237314 0.21221754941096224 0.06307576930773359 
815 0.49492922713975235 0.21921175375642724 0.21190107495097035 0.06381639843235448 
816 0.49509212561837207 0.21883474988204427 0.21155029327683525 0.0647070824594928 
817 0.49497399208629217 0.2181684809510088 0.21124380025218661 0.06556171088309636 
818 0.49472363899716393 0.21745082941793867 0.2110635830692687 0.06620922650995642 
819 0.49443402816323473 0.21666009140004183 0.2109072208695672 0.06686671589362561 
820 0.4934455127325192 0.21567583307878033 0.21060924462186628 0.06716043503187227 
821 0.49215936948209765 0.21448362239419863 0.21041648159193524 0.0672592654959639 
822 0.49054733509860987 0.21311663390067162 0.21030786825840653 0.06712283293953195 
823 0.489146513715511 0.2117710401657967 0.21040675494558156 0.06696871860413268 
824 0.4875435340503905 0.21019432118888645 0.2104001732029236 0.06694903965858075 
825 0.485789616030667 0.2088771833434707 0.2100323238591407 0.06688010882805559 
826 0.48384826951191595 0.20753423711913624 0.20958975964215187 0.06672427275062805 
827 0.48173326200811306 0.20614249334379722 0.20903938718693424 0.06655138147738149 
828 0.4796371752498676 0.20464896970448918 0.2085714084954456 0.06641679704993304 
829 0.47793009780509155 0.20362244970912313 0.20806548803488437 0.06624216006108401 
830 0.47652829384842343 0.2028636068104913 0.20752833602067305 0.06613635101725926 
831 0.47561773912653826 0.20213261456019022 0.2072814578244707 0.06620366674187782 
832 0.47471729148065456 0.20158689654754733 0.20702688461373245 0.0661035103193745 
833 0.473329374638814 0.20080391503799142 0.20651485568093006 0.0660106039198929 
834 0.47216942226578484 0.19991964162180925 0.20634381564278545 0.06590596500119035 
835 0.4714201994262295 0.1991597668024902 0.20644716858302486 0.06581326404071454 
836 0.4711296779117322 0.19862374498563884 0.2067186612565101 0.06578727166958344 
837 0.47074927846819975 0.19821444385305323 0.20670901407592962 0.06582582053921689 
838 0.47080220692247443 0.19801482884065075 0.20693046951342042 0.06585690856840339 
839 0.47147664928907607 0.19806470427581616 0.20740696804249778 0.06600497697076196 
840 0.47201720761730703 0.19811773315781747 0.20765430675200938 0.06624516770747975 
841 0.47258940766686436 0.19849960805132744 0.20770946846498622 0.06638033115055071 
842 0.47295389930242393 0.1986456752329752 0.2079246756660264 0.06638354840342273 
843 0.4735645223121919 0.1989748287409244 0.2082907248657697 0.06629896870549756 
844 0.4743965769621745 0.19940177654197042 0.20875449980340022 0.06624030061680387 
845 0.4751939244625928 0.1996506854675817 0.20937529320172715 0.06616794579328385 
846 0.4753376107160901 0.1998917122011359 0.20966592977753723 0.06577996873741722 
847 0.4752543296001904 0.19999589610583063 0.209900814372572 0.0653576191217878 
848 0.47538334922992526 0.20004348090688612 0.21029633311414325 0.06504353520889564 
849 0.4754833660598924 0.19981356073248469 0.21092617995957003 0.06474362536783757 
850 0.47540596588371037 0.19927476283230666 0.21174340672250797 0.06438779632889528 
851 0.4757008739901467 0.19867306914376553 0.21292686812635733 0.06410093672002372 
852 0.4759887480414079 0.1979628695641875 0.2142552401491571 0.06377063832806368 
853 0.47647451901935767 0.19735101995167723 0.21559093773405694 0.06353256133362346 
854 0.47700930839311356 0.19682648547673035 0.21662926478724695 0.0635535581291365 
855 0.47762590494278884 0.19641114938839868 0.21768862818264859 0.06352612737174128 
856 0.47794873679801375 0.19603009552518005 0.21837898713629017 0.0635396541365437 
857 0.4778458947262344 0.19558078311797167 0.21880771759370676 0.06345739401455588 
858 0.4776600371398599 0.19527604000969676 0.21891868236349407 0.0634653147666694 
859 0.47732101888023565 0.19495714684316162 0.21881178192445816 0.06355209011261576 
860 0.47711499086366427 0.19494274277434154 0.21855972162391327 0.06361252646540966 
861 0.4766083507241172 0.19479298973086068 0.2180292305509713 0.06378613044228552 
862 0.47639070012193135 0.19478851991751406 0.2175408022817667 0.06406137792265065 
863 0.47661652464756604 0.19477666966772753 0.21737499903034424 0.06446485594949428 
864 0.47684964103606003 0.19479476975887042 0.21741954353710827 0.06463532774008156 
865 0.47706094220076917 0.19462206853496433 0.21783491055678814 0.06460396310901667 
866 0.47783381641243095 0.19464178628589907 0.2185020233937263 0.0646900067328058 
867 0.479217323526829 0.19468312320888967 0.21973793481739695 0.0647962655005423 
868 0.48047689496355656 0.19457726993797553 0.2210092120325485 0.0648904129930325 
869 0.481960462905423 0.19442846962709276 0.22246015728026405 0.06507183599806617 
870 0.4837594738307891 0.19471409717654226 0.22367242293802847 0.065372953716218 
871 0.4853426437302411 0.1951531665087874 0.2245723649634857 0.06561711225796793 
872 0.48701087086591105 0.1956776957103843 0.22559741735330613 0.06573575780222081 
873 0.488256075313822 0.19637399671200614 0.22609725437633277 0.06578482422548312 
874 0.4890442229187313 0.19706240441335146 0.2262529412644126 0.06572887724096751 
875 0.4891863142733232 0.1977338177032939 0.2259180269348156 0.06553446963521369 
876 0.48950925462517686 0.19863084214526563 0.2257131210347445 0.06516529144516688 
877 0.4893132408936698 0.19923708884417696 0.2251741789273196 0.06490197312217308 
878 0.4887863689216143 0.199758972696777 0.2244885562986892 0.06453883992614821 
879 0.4881867123090098 0.20002499215143751 0.22395394594112084 0.06420777421645137 
880 0.48797970166813204 0.20060455783375367 0.22350256603875684 0.06387257779562142 
881 0.4877378070826393 0.20126039884326571 0.22301682608503348 0.06346058215434011 
882 0.4876933082682038 0.2020779193773766 0.22256498714744682 0.06305040174338039 
883 0.48775358160644733 0.20292432300922292 0.22203934960473695 0.06278990899248744 
884 0.48832989980776187 0.20389281924491082 0.2217257465302897 0.06271133403256145 
885 0.48826846771567284 0.20443246197449236 0.22102400179473072 0.06281200394644953 
886 0.48794192723251595 0.2045854654319428 0.22037753786683079 0.06297892393374223 
887 0.4874897351084399 0.20459925359304115 0.21973587478730952 0.06315460672808905 
888 0.4860538769931827 0.20389981779371916 0.21895567572926028 0.06319838347020262 
889 0.484835397995614 0.20339268906203561 0.21840472125074364 0.06303798768283429 
890 0.48394097333549807 0.20303026681311542 0.21798336980720653 0.06292733671517614 
891 0.4832355857071151 0.20254305988883195 0.21772966879127884 0.06296285702700408 
892 0.4825991846778548 0.2021998327657044 0.21756439133465524 0.06283496057749488 
893 0.4818545040728675 0.20193210604764913 0.21744727033036243 0.062475127694856206 
894 0.48118703930656914 0.20157478271817575 0.21756313614277645 0.06204912044561696 
895 0.48069782998699523 0.2015041056934296 0.21757894559632396 0.06161477869724183 
896 0.4804689200415923 0.20139712861424267 0.21791598868111045 0.06115580274623921 
897 0.4809435083174921 0.20180869466896723 0.2186387855585054 0.060496028090019666 
898 0.48137374556368345 0.20192134195134073 0.2195412753099525 0.05991112830239025 
899 0.4821016085672529 0.2021479078598552 0.22037615242505565 0.05957754828234219 
